[17:14:35] [main/INFO] (FabricLoader) Loading for game Minecraft 1.17
[17:14:35] [main/INFO] (Fabric|Loader) [FabricLoader] Loading 50 mods:
	- calexp@1.0.0
	- fabric@0.36.0+1.17
	- fabric-api-base@0.3.0+a02b44633d
	- fabric-api-lookup-api-v1@1.2.0+2b5c62d03d
	- fabric-biome-api-v1@3.1.11+c345aea83d
	- fabric-blockrenderlayer-v1@1.1.5+a02b44633d
	- fabric-command-api-v1@1.1.1+a02b44633d
	- fabric-commands-v0@0.2.2+92519afa3d
	- fabric-containers-v0@0.1.12+a02b44633d
	- fabric-content-registries-v0@0.2.2+a02b44633d
	- fabric-crash-report-info-v1@0.1.5+be9da3103d
	- fabric-dimensions-v1@2.0.10+a02b44633d
	- fabric-entity-events-v1@1.1.0+a02b44633d
	- fabric-events-interaction-v0@0.4.9+a722d8c03d
	- fabric-events-lifecycle-v0@0.2.1+92519afa3d
	- fabric-game-rule-api-v1@1.0.6+a02b44633d
	- fabric-item-api-v1@1.2.4+a02b44633d
	- fabric-item-groups-v0@0.2.10+b7ab61213d
	- fabric-key-binding-api-v1@1.0.4+a02b44633d
	- fabric-keybindings-v0@0.2.2+36b77c3e3d
	- fabric-lifecycle-events-v1@1.4.4+a02b44633d
	- fabric-loot-tables-v1@1.0.4+a02b44633d
	- fabric-mining-levels-v0@0.1.3+92519afa3d
	- fabric-models-v0@0.3.0+a02b44633d
	- fabric-networking-api-v1@1.0.11+b7ab61213d
	- fabric-networking-blockentity-v0@0.2.11+a02b44633d
	- fabric-networking-v0@0.3.2+92519afa3d
	- fabric-object-builder-api-v1@1.10.9+b7ab61213d
	- fabric-object-builders-v0@0.7.3+a02b44633d
	- fabric-particles-v1@0.2.4+a02b44633d
	- fabric-registry-sync-v0@0.7.10+e2961fee3d
	- fabric-renderer-api-v1@0.4.3+676f40fa3d
	- fabric-renderer-indigo@0.4.8+a02b44633d
	- fabric-renderer-registries-v1@3.2.0+a02b44633d
	- fabric-rendering-data-attachment-v1@0.1.5+a02b44633d
	- fabric-rendering-fluids-v1@0.1.13+a02b44633d
	- fabric-rendering-v0@1.1.2+92519afa3d
	- fabric-rendering-v1@1.6.0+a02b44633d
	- fabric-resource-loader-v0@0.4.7+b7ab61213d
	- fabric-screen-api-v1@1.0.4+155f865c3d
	- fabric-screen-handler-api-v1@1.1.8+a02b44633d
	- fabric-structure-api-v1@1.1.11+e36969833d
	- fabric-tag-extensions-v0@1.1.4+a02b44633d
	- fabric-textures-v0@1.0.6+a02b44633d
	- fabric-tool-attribute-api-v1@1.2.12+b7ab61213d
	- fabricloader@0.11.6
	- fiber@0.23.0-2
	- java@16
	- minecraft@1.17
	- patchouli@1.17-54-FABRIC
[17:14:37] [main/INFO] (mixin) SpongePowered MIXIN Subsystem Version=0.8.2 Source=file:/C:/Users/finn/.gradle/caches/modules-2/files-2.1/net.fabricmc/sponge-mixin/0.9.4+mixin.0.8.2/ef410951e94c7f4939cc74c86f8df371827818a4/sponge-mixin-0.9.4+mixin.0.8.2.jar Service=Knot/Fabric Env=CLIENT
[17:14:37] [main/INFO] (Fabric|MixinBootstrap) Loaded Fabric development mappings for mixin remapper!
[17:14:37] [main/INFO] (mixin) Compatibility level set to JAVA_16
[17:14:38] [main/WARN] (mixin) @Mixin target net/minecraft/server/world/ServerWorld$ServerEntityHandler is public in fabric-lifecycle-events-v1.mixins.json:ServerWorldEntityLoaderMixin and should be specified in value
[17:14:38] [main/WARN] (mixin) @Mixin target net/minecraft/client/world/ClientWorld$ClientEntityHandler is public in fabric-lifecycle-events-v1.mixins.json:client.ClientWorldEntityLoaderMixin and should be specified in value
[17:14:38] [main/WARN] (mixin) @Mixin target net/minecraft/client/render/block/BlockModelRenderer$AmbientOcclusionCalculator is public in fabric-renderer-indigo.mixins.json:MixinAmbientOcclusionCalculator and should be specified in value
[17:14:38] [main/WARN] (mixin) @Mixin target net/minecraft/client/render/chunk/ChunkBuilder$BuiltChunk$RebuildTask is public in fabric-renderer-indigo.mixins.json:MixinChunkRebuildTask and should be specified in value
[17:14:38] [main/WARN] (mixin) @Mixin target net/minecraft/server/network/ServerPlayNetworkHandler$1 is public in fabric-events-interaction-v0.mixins.json:MixinServerPlayNetworkHandler and should be specified in value
[17:14:38] [main/WARN] (mixin) @Mixin target net/minecraft/village/TradeOffers$TypeAwareBuyForOneEmeraldFactory is public in fabric-object-builder-v1.mixins.json:TypeAwareTradeMixin and should be specified in value
[17:14:38] [main/WARN] (mixin) @Mixin target net/minecraft/client/font/FontManager$1 is public in fabric-resource-loader-v0.mixins.json:client.FontManagerResourceReloadListenerMixin and should be specified in value
[17:14:38] [main/WARN] (mixin) @Mixin target net/minecraft/server/command/GameRuleCommand$1 is public in fabric-game-rule-api-v1.mixins.json:GameRuleCommandVisitorMixin and should be specified in value
[17:14:38] [main/WARN] (mixin) @Mixin target net/minecraft/client/gui/screen/world/EditGameRulesScreen$RuleListWidget$1 is public in fabric-game-rule-api-v1.mixins.json:client.RuleListWidgetVisitorMixin and should be specified in value
[17:14:38] [main/WARN] (mixin) @Mixin target net/minecraft/server/world/ThreadedAnvilChunkStorage$EntityTracker is public in fabric-networking-api-v1.mixins.json:accessor.EntityTrackerAccessor and should be specified in value
[17:14:38] [main/WARN] (mixin) @Mixin target net/minecraft/client/particle/ParticleManager$SimpleSpriteProvider is public in fabric-particles-v1.mixins.json:ParticleManagerAccessor$SimpleSpriteProviderAccessor and should be specified in value
[17:14:38] [main/WARN] (mixin) @Mixin target net/minecraft/data/server/AbstractTagProvider$ObjectBuilder is public in fabric-tag-extensions-v0.mixins.json:MixinObjectBuilder and should be specified in value
[17:14:38] [main/WARN] (mixin) @Mixin target net/minecraft/tag/RequiredTagList$TagWrapper is public in fabric-tag-extensions-v0.mixins.json:MixinTagImpl and should be specified in value
[17:14:38] [main/WARN] (FileUtil) Configuration conflict: there is more than one oshi.properties file on the classpath
[17:14:38] [main/WARN] (FileUtil) Configuration conflict: there is more than one oshi.architecture.properties file on the classpath
[17:14:42] [Render thread/INFO] (Minecraft) Environment: authHost='https://authserver.mojang.com', accountsHost='https://api.mojang.com', sessionHost='https://sessionserver.mojang.com', servicesHost='https://api.minecraftservices.com', name='PROD'
[17:14:42] [Render thread/ERROR] (Minecraft) Failed to verify authentication
com.mojang.authlib.exceptions.InvalidCredentialsException: Status: 401
	at com.mojang.authlib.exceptions.MinecraftClientHttpException.toAuthenticationException(MinecraftClientHttpException.java:56) ~[authlib-2.3.31.jar:?]
	at com.mojang.authlib.yggdrasil.YggdrasilSocialInteractionsService.checkPrivileges(YggdrasilSocialInteractionsService.java:112) ~[authlib-2.3.31.jar:?]
	at com.mojang.authlib.yggdrasil.YggdrasilSocialInteractionsService.<init>(YggdrasilSocialInteractionsService.java:42) ~[authlib-2.3.31.jar:?]
	at com.mojang.authlib.yggdrasil.YggdrasilAuthenticationService.createSocialInteractionsService(YggdrasilAuthenticationService.java:151) ~[authlib-2.3.31.jar:?]
	at net.minecraft.client.MinecraftClient.createSocialInteractionsService(MinecraftClient.java:683) [minecraft-1.17-mapped-net.fabricmc.yarn-1.17+build.13-v2.jar:?]
	at net.minecraft.client.MinecraftClient.<init>(MinecraftClient.java:496) [minecraft-1.17-mapped-net.fabricmc.yarn-1.17+build.13-v2.jar:?]
	at net.minecraft.client.main.Main.main(Main.java:153) [minecraft-1.17-mapped-net.fabricmc.yarn-1.17+build.13-v2.jar:?]
	at jdk.internal.reflect.NativeMethodAccessorImpl.invoke0(Native Method) ~[?:?]
	at jdk.internal.reflect.NativeMethodAccessorImpl.invoke(NativeMethodAccessorImpl.java:78) ~[?:?]
	at jdk.internal.reflect.DelegatingMethodAccessorImpl.invoke(DelegatingMethodAccessorImpl.java:43) ~[?:?]
	at java.lang.reflect.Method.invoke(Method.java:567) ~[?:?]
	at net.fabricmc.loader.game.MinecraftGameProvider.launch(MinecraftGameProvider.java:234) [fabric-loader-0.11.6.jar:?]
	at net.fabricmc.loader.launch.knot.Knot.launch(Knot.java:153) [fabric-loader-0.11.6.jar:?]
	at net.fabricmc.loader.launch.knot.KnotClient.main(KnotClient.java:28) [fabric-loader-0.11.6.jar:?]
	at net.fabricmc.devlaunchinjector.Main.main(Main.java:86) [dev-launch-injector-0.2.1+build.8.jar:?]
Caused by: com.mojang.authlib.exceptions.MinecraftClientHttpException: Status: 401
	at com.mojang.authlib.minecraft.client.MinecraftClient.readInputStream(MinecraftClient.java:77) ~[authlib-2.3.31.jar:?]
	at com.mojang.authlib.minecraft.client.MinecraftClient.get(MinecraftClient.java:47) ~[authlib-2.3.31.jar:?]
	at com.mojang.authlib.yggdrasil.YggdrasilSocialInteractionsService.checkPrivileges(YggdrasilSocialInteractionsService.java:104) ~[authlib-2.3.31.jar:?]
	... 13 more
[17:14:42] [Render thread/INFO] (Minecraft) Setting user: Player597
[17:14:42] [Render thread/WARN] (mixin) @Inject(@At("INVOKE")) Shift.BY=3 on fabric-lifecycle-events-v1.mixins.json:client.WorldChunkMixin::handler$zzn000$onLoadBlockEntity exceeds the maximum allowed value: 0. Increase the value of maxShiftBy to suppress this warning.
[17:14:43] [Render thread/INFO] (Indigo) [Indigo] Registering Indigo renderer!
[17:14:43] [Render thread/INFO] (Minecraft) Backend library: LWJGL version 3.2.2 build 10
[17:14:44] [Render thread/INFO] (Minecraft) Narrator library for x64 successfully loaded
[17:14:45] [Render thread/INFO] (Minecraft) Reloading ResourceManager: Default, Fabric Mods (Patchouli, Fabric Renderer API (v1), Fabric Key Bindings (v0), Fabric Loader, Fabric Structure API (v1), Fabric Containers (v0), Fabric Object Builder API (v1), Fabric Dimensions API (v1), Fabric Game Rule API (v1), Fabric API Base, Fabric Rendering Data Attachment (v1), Fabric Textures (v0), Fabric Rendering Fluids (v1), Fabric BlockRenderLayer Registration (v1), Fabric Lifecycle Events (v1), Fabric Renderer Registries (v1), Fabric Loot Tables (v1), Fabric API, Fabric Particles (v1), Fabric Networking (v0), Fabric API Lookup API (v1), Fabric Networking Block Entity (v0), Fabric Screen Handler API (v1), Fabric Command API (v1), Fabric Screen API (v1), Fabric Tool Attribute API (v1), Fabric Renderer - Indigo, Fabric Crash Report Info (v1), Fabric Item API (v1), Fabric Events Interaction (v0), Fabric Entity Events (v1), Fabric Rendering (v0), Fabric Key Binding API (v1), Fabric Rendering (v1), Fabric Resource Loader (v0), Fabric Content Registries (v0), Fabric Tag Extensions (v0), Fabric Biome API (v1), Fabric Commands (v0), Fabric Registry Sync (v0), Fabric Mining Levels (v0), Fabric Networking API (v1), Fabric Events Lifecycle (v0), Calorie Expansion, Fabric Item Groups (v0), Fabric Models (v0), Fabric Object Builders (v0))
[17:14:45] [Realms Notification Availability checker #1/INFO] (Minecraft) Could not authorize you against Realms server: Invalid session id
[17:14:50] [Render thread/INFO] (Minecraft) OpenAL initialized.
[17:14:50] [Render thread/INFO] (Minecraft) Sound engine started
[17:14:50] [Render thread/INFO] (Minecraft) Created: 1024x1024x4 minecraft:textures/atlas/blocks.png-atlas
[17:14:51] [Render thread/INFO] (Minecraft) Created: 256x128x4 minecraft:textures/atlas/signs.png-atlas
[17:14:51] [Render thread/INFO] (Minecraft) Created: 1024x512x4 minecraft:textures/atlas/banner_patterns.png-atlas
[17:14:51] [Render thread/INFO] (Minecraft) Created: 1024x512x4 minecraft:textures/atlas/shield_patterns.png-atlas
[17:14:51] [Render thread/INFO] (Minecraft) Created: 256x256x4 minecraft:textures/atlas/chest.png-atlas
[17:14:51] [Render thread/INFO] (Minecraft) Created: 512x256x4 minecraft:textures/atlas/beds.png-atlas
[17:14:51] [Render thread/INFO] (Minecraft) Created: 512x256x4 minecraft:textures/atlas/shulker_boxes.png-atlas
[17:14:52] [Render thread/INFO] (Minecraft) Created: 256x256x0 minecraft:textures/atlas/particles.png-atlas
[17:14:52] [Render thread/INFO] (Minecraft) Created: 256x256x0 minecraft:textures/atlas/paintings.png-atlas
[17:14:52] [Render thread/INFO] (Minecraft) Created: 256x128x0 minecraft:textures/atlas/mob_effects.png-atlas
[17:14:52] [Render thread/INFO] (patchouli) Not reloading resource pack-based books as client world is missing
[17:14:57] [Render thread/INFO] (BiomeModificationImpl) Applied 0 biome modifications to 0 of 81 new biomes in 1.299 ms
[17:14:57] [Render thread/WARN] (Minecraft) Ambiguity between arguments [teleport, location] and [teleport, destination] with inputs: [0.1 -0.5 .9, 0 0 0]
[17:14:57] [Render thread/WARN] (Minecraft) Ambiguity between arguments [teleport, location] and [teleport, targets] with inputs: [0.1 -0.5 .9, 0 0 0]
[17:14:57] [Render thread/WARN] (Minecraft) Ambiguity between arguments [teleport, destination] and [teleport, targets] with inputs: [Player, 0123, @e, dd12be42-52a9-4a91-a8a1-11c01849e498]
[17:14:57] [Render thread/WARN] (Minecraft) Ambiguity between arguments [teleport, targets] and [teleport, destination] with inputs: [Player, 0123, dd12be42-52a9-4a91-a8a1-11c01849e498]
[17:14:57] [Render thread/WARN] (Minecraft) Ambiguity between arguments [teleport, targets, location] and [teleport, targets, destination] with inputs: [0.1 -0.5 .9, 0 0 0]
[17:14:57] [Render thread/INFO] (Minecraft) Reloading ResourceManager: Default, Fabric Mods (Patchouli, Fabric Tool Attribute API (v1), Calorie Expansion)
[17:14:58] [Render thread/INFO] (Minecraft) Loaded 7 recipes
[17:14:58] [Render thread/ERROR] (Minecraft) Couldn't parse loot table calexp:grant_book_on_first_join
com.google.gson.JsonSyntaxException: Expected name to be an item, was unknown string 'calexp:calorie_expansion_guide_book'
	at net.minecraft.util.JsonHelper.method_17995(JsonHelper.java:94) ~[minecraft-1.17-mapped-net.fabricmc.yarn-1.17+build.13-v2.jar:?]
	at java.util.Optional.orElseThrow(Optional.java:403) ~[?:?]
	at net.minecraft.util.JsonHelper.asItem(JsonHelper.java:94) ~[minecraft-1.17-mapped-net.fabricmc.yarn-1.17+build.13-v2.jar:?]
	at net.minecraft.util.JsonHelper.getItem(JsonHelper.java:104) ~[minecraft-1.17-mapped-net.fabricmc.yarn-1.17+build.13-v2.jar:?]
	at net.minecraft.loot.entry.ItemEntry$Serializer.fromJson(ItemEntry.java:51) ~[minecraft-1.17-mapped-net.fabricmc.yarn-1.17+build.13-v2.jar:?]
	at net.minecraft.loot.entry.ItemEntry$Serializer.fromJson(ItemEntry.java:41) ~[minecraft-1.17-mapped-net.fabricmc.yarn-1.17+build.13-v2.jar:?]
	at net.minecraft.loot.entry.LeafEntry$Serializer.fromJson(LeafEntry.java:141) ~[minecraft-1.17-mapped-net.fabricmc.yarn-1.17+build.13-v2.jar:?]
	at net.minecraft.loot.entry.LeafEntry$Serializer.fromJson(LeafEntry.java:90) ~[minecraft-1.17-mapped-net.fabricmc.yarn-1.17+build.13-v2.jar:?]
	at net.minecraft.loot.entry.LootPoolEntry$Serializer.fromJson(LootPoolEntry.java:86) ~[minecraft-1.17-mapped-net.fabricmc.yarn-1.17+build.13-v2.jar:?]
	at net.minecraft.loot.entry.LootPoolEntry$Serializer.fromJson(LootPoolEntry.java:42) ~[minecraft-1.17-mapped-net.fabricmc.yarn-1.17+build.13-v2.jar:?]
	at net.minecraft.util.JsonSerializing$GsonSerializer.deserialize(JsonSerializing.java:101) ~[minecraft-1.17-mapped-net.fabricmc.yarn-1.17+build.13-v2.jar:?]
	at com.google.gson.internal.bind.TreeTypeAdapter.read(TreeTypeAdapter.java:69) ~[gson-2.8.0.jar:?]
	at com.google.gson.internal.bind.TypeAdapterRuntimeTypeWrapper.read(TypeAdapterRuntimeTypeWrapper.java:41) ~[gson-2.8.0.jar:?]
	at com.google.gson.internal.bind.ArrayTypeAdapter.read(ArrayTypeAdapter.java:72) ~[gson-2.8.0.jar:?]
	at com.google.gson.Gson.fromJson(Gson.java:887) ~[gson-2.8.0.jar:?]
	at com.google.gson.Gson.fromJson(Gson.java:952) ~[gson-2.8.0.jar:?]
	at com.google.gson.internal.bind.TreeTypeAdapter$GsonContextImpl.deserialize(TreeTypeAdapter.java:162) ~[gson-2.8.0.jar:?]
	at net.minecraft.util.JsonHelper.deserialize(JsonHelper.java:357) ~[minecraft-1.17-mapped-net.fabricmc.yarn-1.17+build.13-v2.jar:?]
	at net.minecraft.util.JsonHelper.deserialize(JsonHelper.java:365) ~[minecraft-1.17-mapped-net.fabricmc.yarn-1.17+build.13-v2.jar:?]
	at net.minecraft.loot.LootPool$Serializer.deserialize(LootPool.java:177) ~[minecraft-1.17-mapped-net.fabricmc.yarn-1.17+build.13-v2.jar:?]
	at net.minecraft.loot.LootPool$Serializer.deserialize(LootPool.java:176) ~[minecraft-1.17-mapped-net.fabricmc.yarn-1.17+build.13-v2.jar:?]
	at com.google.gson.internal.bind.TreeTypeAdapter.read(TreeTypeAdapter.java:69) ~[gson-2.8.0.jar:?]
	at com.google.gson.internal.bind.TypeAdapterRuntimeTypeWrapper.read(TypeAdapterRuntimeTypeWrapper.java:41) ~[gson-2.8.0.jar:?]
	at com.google.gson.internal.bind.ArrayTypeAdapter.read(ArrayTypeAdapter.java:72) ~[gson-2.8.0.jar:?]
	at com.google.gson.Gson.fromJson(Gson.java:887) ~[gson-2.8.0.jar:?]
	at com.google.gson.Gson.fromJson(Gson.java:952) ~[gson-2.8.0.jar:?]
	at com.google.gson.internal.bind.TreeTypeAdapter$GsonContextImpl.deserialize(TreeTypeAdapter.java:162) ~[gson-2.8.0.jar:?]
	at net.minecraft.util.JsonHelper.deserialize(JsonHelper.java:357) ~[minecraft-1.17-mapped-net.fabricmc.yarn-1.17+build.13-v2.jar:?]
	at net.minecraft.util.JsonHelper.deserialize(JsonHelper.java:372) ~[minecraft-1.17-mapped-net.fabricmc.yarn-1.17+build.13-v2.jar:?]
	at net.minecraft.loot.LootTable$Serializer.deserialize(LootTable.java:229) ~[minecraft-1.17-mapped-net.fabricmc.yarn-1.17+build.13-v2.jar:?]
	at net.minecraft.loot.LootTable$Serializer.deserialize(LootTable.java:228) ~[minecraft-1.17-mapped-net.fabricmc.yarn-1.17+build.13-v2.jar:?]
	at com.google.gson.internal.bind.TreeTypeAdapter.read(TreeTypeAdapter.java:69) ~[gson-2.8.0.jar:?]
	at com.google.gson.Gson.fromJson(Gson.java:887) ~[gson-2.8.0.jar:?]
	at com.google.gson.Gson.fromJson(Gson.java:952) ~[gson-2.8.0.jar:?]
	at com.google.gson.Gson.fromJson(Gson.java:925) ~[gson-2.8.0.jar:?]
	at net.minecraft.loot.LootManager.method_20711(LootManager.java:45) ~[minecraft-1.17-mapped-net.fabricmc.yarn-1.17+build.13-v2.jar:?]
	at java.util.HashMap.forEach(HashMap.java:1425) ~[?:?]
	at net.minecraft.loot.LootManager.apply(LootManager.java:43) ~[minecraft-1.17-mapped-net.fabricmc.yarn-1.17+build.13-v2.jar:?]
	at net.minecraft.loot.LootManager.apply(LootManager.java:28) ~[minecraft-1.17-mapped-net.fabricmc.yarn-1.17+build.13-v2.jar:?]
	at net.minecraft.resource.SinglePreparationResourceReloader.method_18790(SinglePreparationResourceReloader.java:21) ~[minecraft-1.17-mapped-net.fabricmc.yarn-1.17+build.13-v2.jar:?]
	at java.util.concurrent.CompletableFuture$UniAccept.tryFire(CompletableFuture.java:714) ~[?:?]
	at java.util.concurrent.CompletableFuture$Completion.run(CompletableFuture.java:478) ~[?:?]
	at net.minecraft.resource.SimpleResourceReload.method_18365(SimpleResourceReload.java:91) ~[minecraft-1.17-mapped-net.fabricmc.yarn-1.17+build.13-v2.jar:?]
	at net.minecraft.util.thread.ThreadExecutor.executeTask(ThreadExecutor.java:139) ~[minecraft-1.17-mapped-net.fabricmc.yarn-1.17+build.13-v2.jar:?]
	at net.minecraft.util.thread.ReentrantThreadExecutor.executeTask(ReentrantThreadExecutor.java:22) ~[minecraft-1.17-mapped-net.fabricmc.yarn-1.17+build.13-v2.jar:?]
	at net.minecraft.util.thread.ThreadExecutor.runTask(ThreadExecutor.java:112) ~[minecraft-1.17-mapped-net.fabricmc.yarn-1.17+build.13-v2.jar:?]
	at net.minecraft.util.thread.ThreadExecutor.runTasks(ThreadExecutor.java:122) ~[minecraft-1.17-mapped-net.fabricmc.yarn-1.17+build.13-v2.jar:?]
	at net.minecraft.client.MinecraftClient.createIntegratedResourceManager(MinecraftClient.java:2178) ~[minecraft-1.17-mapped-net.fabricmc.yarn-1.17+build.13-v2.jar:?]
	at net.minecraft.client.MinecraftClient.startIntegratedServer(MinecraftClient.java:2016) ~[minecraft-1.17-mapped-net.fabricmc.yarn-1.17+build.13-v2.jar:?]
	at net.minecraft.client.MinecraftClient.startIntegratedServer(MinecraftClient.java:1984) ~[minecraft-1.17-mapped-net.fabricmc.yarn-1.17+build.13-v2.jar:?]
	at net.minecraft.client.gui.screen.world.WorldListWidget$Entry.start(WorldListWidget.java:507) ~[minecraft-1.17-mapped-net.fabricmc.yarn-1.17+build.13-v2.jar:?]
	at net.minecraft.client.gui.screen.world.WorldListWidget$Entry.play(WorldListWidget.java:361) ~[minecraft-1.17-mapped-net.fabricmc.yarn-1.17+build.13-v2.jar:?]
	at net.minecraft.client.gui.screen.world.WorldListWidget$Entry.mouseClicked(WorldListWidget.java:288) ~[minecraft-1.17-mapped-net.fabricmc.yarn-1.17+build.13-v2.jar:?]
	at net.minecraft.client.gui.widget.EntryListWidget.mouseClicked(EntryListWidget.java:329) ~[minecraft-1.17-mapped-net.fabricmc.yarn-1.17+build.13-v2.jar:?]
	at net.minecraft.client.gui.ParentElement.mouseClicked(ParentElement.java:50) ~[minecraft-1.17-mapped-net.fabricmc.yarn-1.17+build.13-v2.jar:?]
	at net.minecraft.client.Mouse.method_1611(Mouse.java:87) ~[minecraft-1.17-mapped-net.fabricmc.yarn-1.17+build.13-v2.jar:?]
	at net.minecraft.client.gui.screen.Screen.wrapScreenError(Screen.java:507) ~[minecraft-1.17-mapped-net.fabricmc.yarn-1.17+build.13-v2.jar:?]
	at net.minecraft.client.Mouse.onMouseButton(Mouse.java:87) ~[minecraft-1.17-mapped-net.fabricmc.yarn-1.17+build.13-v2.jar:?]
	at net.minecraft.client.Mouse.method_22686(Mouse.java:175) ~[minecraft-1.17-mapped-net.fabricmc.yarn-1.17+build.13-v2.jar:?]
	at net.minecraft.util.thread.ThreadExecutor.execute(ThreadExecutor.java:90) ~[minecraft-1.17-mapped-net.fabricmc.yarn-1.17+build.13-v2.jar:?]
	at net.minecraft.client.Mouse.method_22684(Mouse.java:175) ~[minecraft-1.17-mapped-net.fabricmc.yarn-1.17+build.13-v2.jar:?]
	at org.lwjgl.glfw.GLFWMouseButtonCallbackI.callback(GLFWMouseButtonCallbackI.java:36) [lwjgl-glfw-3.2.2.jar:build 10]
	at org.lwjgl.system.JNI.invokeV(Native Method) ~[lwjgl-3.2.2.jar:build 10]
	at org.lwjgl.glfw.GLFW.glfwWaitEventsTimeout(GLFW.java:3174) [lwjgl-glfw-3.2.2.jar:build 10]
	at com.mojang.blaze3d.systems.RenderSystem.limitDisplayFPS(RenderSystem.java:158) [minecraft-1.17-mapped-net.fabricmc.yarn-1.17+build.13-v2.jar:?]
	at net.minecraft.client.MinecraftClient.render(MinecraftClient.java:1173) [minecraft-1.17-mapped-net.fabricmc.yarn-1.17+build.13-v2.jar:?]
	at net.minecraft.client.MinecraftClient.run(MinecraftClient.java:746) [minecraft-1.17-mapped-net.fabricmc.yarn-1.17+build.13-v2.jar:?]
	at net.minecraft.client.main.Main.main(Main.java:191) [minecraft-1.17-mapped-net.fabricmc.yarn-1.17+build.13-v2.jar:?]
	at jdk.internal.reflect.NativeMethodAccessorImpl.invoke0(Native Method) ~[?:?]
	at jdk.internal.reflect.NativeMethodAccessorImpl.invoke(NativeMethodAccessorImpl.java:78) ~[?:?]
	at jdk.internal.reflect.DelegatingMethodAccessorImpl.invoke(DelegatingMethodAccessorImpl.java:43) ~[?:?]
	at java.lang.reflect.Method.invoke(Method.java:567) ~[?:?]
	at net.fabricmc.loader.game.MinecraftGameProvider.launch(MinecraftGameProvider.java:234) [fabric-loader-0.11.6.jar:?]
	at net.fabricmc.loader.launch.knot.Knot.launch(Knot.java:153) [fabric-loader-0.11.6.jar:?]
	at net.fabricmc.loader.launch.knot.KnotClient.main(KnotClient.java:28) [fabric-loader-0.11.6.jar:?]
	at net.fabricmc.devlaunchinjector.Main.main(Main.java:86) [dev-launch-injector-0.2.1+build.8.jar:?]
[17:14:58] [Render thread/INFO] (Minecraft) Loaded 1138 advancements
[17:14:58] [Render thread/INFO] (Minecraft) Environment: authHost='https://authserver.mojang.com', accountsHost='https://api.mojang.com', sessionHost='https://sessionserver.mojang.com', servicesHost='https://api.minecraftservices.com', name='PROD'
[17:14:58] [Server thread/INFO] (Minecraft) Starting integrated minecraft server version 1.17
[17:14:58] [Server thread/INFO] (Minecraft) Generating keypair
[17:14:59] [Server thread/INFO] (Minecraft) Preparing start region for dimension minecraft:overworld
[17:14:59] [Render thread/INFO] (Minecraft) Preparing spawn area: 0%
[17:14:59] [Render thread/INFO] (Minecraft) Preparing spawn area: 0%
[17:15:01] [Render thread/INFO] (Minecraft) Preparing spawn area: 0%
[17:15:01] [Render thread/INFO] (Minecraft) Preparing spawn area: 0%
[17:15:01] [Render thread/INFO] (Minecraft) Preparing spawn area: 0%
[17:15:01] [Render thread/INFO] (Minecraft) Preparing spawn area: 42%
[17:15:01] [Render thread/INFO] (Minecraft) Time elapsed: 2837 ms
[17:15:02] [Server thread/INFO] (Minecraft) Changing view distance to 11, from 10
[17:15:02] [Server thread/INFO] (Minecraft) Player597[local:E:4cc3a4f4] logged in with entity id 255 at (-94.912879012698, 65.17675927506424, -110.38836095852741)
[17:15:02] [Server thread/INFO] (Minecraft) Player597 joined the game
[17:15:02] [Netty Local Client IO #0/INFO] (BiomeModificationImpl) Applied 0 biome modifications to 0 of 81 new biomes in 199.3 μs
[17:15:02] [Server thread/INFO] (Minecraft) Saving and pausing game...
[17:15:02] [Server thread/INFO] (Minecraft) Saving chunks for level 'ServerLevel[New World]'/minecraft:overworld
[17:15:02] [Render thread/INFO] (Minecraft) Loaded 1 advancements
[17:15:02] [Render thread/ERROR] (patchouli) Error loading book calexp:calorie_expansion_guide_book, using empty contents and ignoring extensions
com.google.gson.JsonSyntaxException: com.google.gson.stream.MalformedJsonException: Expected name at line 9 column 6 path $.pages[0].text
	at com.google.gson.internal.Streams.parse(Streams.java:60) ~[gson-2.8.0.jar:?]
	at com.google.gson.internal.bind.TreeTypeAdapter.read(TreeTypeAdapter.java:65) ~[gson-2.8.0.jar:?]
	at com.google.gson.internal.bind.TypeAdapterRuntimeTypeWrapper.read(TypeAdapterRuntimeTypeWrapper.java:41) ~[gson-2.8.0.jar:?]
	at com.google.gson.internal.bind.ArrayTypeAdapter.read(ArrayTypeAdapter.java:72) ~[gson-2.8.0.jar:?]
	at com.google.gson.internal.bind.ReflectiveTypeAdapterFactory$1.read(ReflectiveTypeAdapterFactory.java:129) ~[gson-2.8.0.jar:?]
	at com.google.gson.internal.bind.ReflectiveTypeAdapterFactory$Adapter.read(ReflectiveTypeAdapterFactory.java:220) ~[gson-2.8.0.jar:?]
	at com.google.gson.Gson.fromJson(Gson.java:887) ~[gson-2.8.0.jar:?]
	at com.google.gson.Gson.fromJson(Gson.java:825) ~[gson-2.8.0.jar:?]
	at vazkii.patchouli.client.book.BookContentsBuilder.loadEntry(BookContentsBuilder.java:141) ~[88a0b10e-480c-4595-84b1-3789127e2e2d.jar:?]
	at vazkii.patchouli.client.book.BookContentsBuilder.lambda$loadFrom$0(BookContentsBuilder.java:70) ~[88a0b10e-480c-4595-84b1-3789127e2e2d.jar:?]
	at vazkii.patchouli.client.book.BookContentsBuilder.load(BookContentsBuilder.java:112) ~[88a0b10e-480c-4595-84b1-3789127e2e2d.jar:?]
	at vazkii.patchouli.client.book.BookContentsBuilder.loadFrom(BookContentsBuilder.java:69) ~[88a0b10e-480c-4595-84b1-3789127e2e2d.jar:?]
	at vazkii.patchouli.common.book.Book.reloadContents(Book.java:171) ~[88a0b10e-480c-4595-84b1-3789127e2e2d.jar:?]
	at vazkii.patchouli.common.book.BookRegistry.reloadContents(BookRegistry.java:122) ~[88a0b10e-480c-4595-84b1-3789127e2e2d.jar:?]
	at vazkii.patchouli.client.book.ClientBookRegistry.reload(ClientBookRegistry.java:63) ~[88a0b10e-480c-4595-84b1-3789127e2e2d.jar:?]
	at vazkii.patchouli.client.base.ClientAdvancements.onClientPacket(ClientAdvancements.java:35) ~[88a0b10e-480c-4595-84b1-3789127e2e2d.jar:?]
	at net.minecraft.client.network.ClientAdvancementManager.handler$zgh000$patchouli_onSync(ClientAdvancementManager.java:518) ~[minecraft-1.17-mapped-net.fabricmc.yarn-1.17+build.13-v2.jar:?]
	at net.minecraft.client.network.ClientAdvancementManager.onAdvancements(ClientAdvancementManager.java:65) ~[minecraft-1.17-mapped-net.fabricmc.yarn-1.17+build.13-v2.jar:?]
	at net.minecraft.client.network.ClientPlayNetworkHandler.onAdvancements(ClientPlayNetworkHandler.java:1138) ~[minecraft-1.17-mapped-net.fabricmc.yarn-1.17+build.13-v2.jar:?]
	at net.minecraft.network.packet.s2c.play.AdvancementUpdateS2CPacket.apply(AdvancementUpdateS2CPacket.java:58) ~[minecraft-1.17-mapped-net.fabricmc.yarn-1.17+build.13-v2.jar:?]
	at net.minecraft.network.packet.s2c.play.AdvancementUpdateS2CPacket.apply(AdvancementUpdateS2CPacket.java:25) ~[minecraft-1.17-mapped-net.fabricmc.yarn-1.17+build.13-v2.jar:?]
	at net.minecraft.network.NetworkThreadUtils.method_11072(NetworkThreadUtils.java:20) ~[minecraft-1.17-mapped-net.fabricmc.yarn-1.17+build.13-v2.jar:?]
	at net.minecraft.util.thread.ThreadExecutor.executeTask(ThreadExecutor.java:139) [minecraft-1.17-mapped-net.fabricmc.yarn-1.17+build.13-v2.jar:?]
	at net.minecraft.util.thread.ReentrantThreadExecutor.executeTask(ReentrantThreadExecutor.java:22) [minecraft-1.17-mapped-net.fabricmc.yarn-1.17+build.13-v2.jar:?]
	at net.minecraft.util.thread.ThreadExecutor.runTask(ThreadExecutor.java:112) [minecraft-1.17-mapped-net.fabricmc.yarn-1.17+build.13-v2.jar:?]
	at net.minecraft.util.thread.ThreadExecutor.runTasks(ThreadExecutor.java:100) [minecraft-1.17-mapped-net.fabricmc.yarn-1.17+build.13-v2.jar:?]
	at net.minecraft.client.MinecraftClient.render(MinecraftClient.java:1119) [minecraft-1.17-mapped-net.fabricmc.yarn-1.17+build.13-v2.jar:?]
	at net.minecraft.client.MinecraftClient.run(MinecraftClient.java:746) [minecraft-1.17-mapped-net.fabricmc.yarn-1.17+build.13-v2.jar:?]
	at net.minecraft.client.main.Main.main(Main.java:191) [minecraft-1.17-mapped-net.fabricmc.yarn-1.17+build.13-v2.jar:?]
	at jdk.internal.reflect.NativeMethodAccessorImpl.invoke0(Native Method) ~[?:?]
	at jdk.internal.reflect.NativeMethodAccessorImpl.invoke(NativeMethodAccessorImpl.java:78) ~[?:?]
	at jdk.internal.reflect.DelegatingMethodAccessorImpl.invoke(DelegatingMethodAccessorImpl.java:43) ~[?:?]
	at java.lang.reflect.Method.invoke(Method.java:567) ~[?:?]
	at net.fabricmc.loader.game.MinecraftGameProvider.launch(MinecraftGameProvider.java:234) [fabric-loader-0.11.6.jar:?]
	at net.fabricmc.loader.launch.knot.Knot.launch(Knot.java:153) [fabric-loader-0.11.6.jar:?]
	at net.fabricmc.loader.launch.knot.KnotClient.main(KnotClient.java:28) [fabric-loader-0.11.6.jar:?]
	at net.fabricmc.devlaunchinjector.Main.main(Main.java:86) [dev-launch-injector-0.2.1+build.8.jar:?]
Caused by: com.google.gson.stream.MalformedJsonException: Expected name at line 9 column 6 path $.pages[0].text
	at com.google.gson.stream.JsonReader.syntaxError(JsonReader.java:1559) ~[gson-2.8.0.jar:?]
	at com.google.gson.stream.JsonReader.doPeek(JsonReader.java:505) ~[gson-2.8.0.jar:?]
	at com.google.gson.stream.JsonReader.hasNext(JsonReader.java:414) ~[gson-2.8.0.jar:?]
	at com.google.gson.internal.bind.TypeAdapters$29.read(TypeAdapters.java:738) ~[gson-2.8.0.jar:?]
	at com.google.gson.internal.bind.TypeAdapters$29.read(TypeAdapters.java:714) ~[gson-2.8.0.jar:?]
	at com.google.gson.internal.Streams.parse(Streams.java:48) ~[gson-2.8.0.jar:?]
	... 36 more
[17:15:03] [Server thread/INFO] (Minecraft) Saving chunks for level 'ServerLevel[New World]'/minecraft:the_nether
[17:15:03] [Server thread/INFO] (Minecraft) Saving chunks for level 'ServerLevel[New World]'/minecraft:the_end
[17:15:21] [Server thread/INFO] (Minecraft) [Player597: Set the time to 13000]
[17:15:21] [Render thread/INFO] (Minecraft) [CHAT] Set the time to 13000
[17:15:26] [Server thread/INFO] (Minecraft) [Player597: Gamerule doDaylightCycle is now set to: false]
[17:15:26] [Render thread/INFO] (Minecraft) [CHAT] Gamerule doDaylightCycle is now set to: false
[17:15:31] [Server thread/INFO] (Minecraft) [Player597: Set the time to 1000]
[17:15:31] [Render thread/INFO] (Minecraft) [CHAT] Set the time to 1000
[17:15:37] [Server thread/INFO] (Minecraft) [Player597: Set own game mode to Creative Mode]
[17:15:37] [Render thread/INFO] (Minecraft) [CHAT] Set own game mode to Creative Mode
[17:15:44] [Server thread/INFO] (Minecraft) [Player597: Set own game mode to Survival Mode]
[17:15:44] [Render thread/INFO] (Minecraft) [CHAT] Set own game mode to Survival Mode
[17:15:45] [Server thread/INFO] (Minecraft) Saving and pausing game...
[17:15:45] [Server thread/INFO] (Minecraft) Saving chunks for level 'ServerLevel[New World]'/minecraft:overworld
[17:15:45] [Server thread/INFO] (Minecraft) Saving chunks for level 'ServerLevel[New World]'/minecraft:the_nether
[17:15:45] [Server thread/INFO] (Minecraft) Saving chunks for level 'ServerLevel[New World]'/minecraft:the_end
[17:16:01] [Server thread/INFO] (Minecraft) Saving and pausing game...
[17:16:01] [Server thread/INFO] (Minecraft) Saving chunks for level 'ServerLevel[New World]'/minecraft:overworld
[17:16:01] [Server thread/INFO] (Minecraft) Saving chunks for level 'ServerLevel[New World]'/minecraft:the_nether
[17:16:01] [Server thread/INFO] (Minecraft) Saving chunks for level 'ServerLevel[New World]'/minecraft:the_end
[17:16:01] [Server thread/INFO] (Minecraft) Player597 lost connection: Disconnected
[17:16:01] [Server thread/INFO] (Minecraft) Player597 left the game
[17:16:01] [Server thread/INFO] (Minecraft) Stopping singleplayer server as player logged out
[17:16:01] [Server thread/INFO] (Minecraft) Stopping server
[17:16:01] [Server thread/INFO] (Minecraft) Saving players
[17:16:01] [Server thread/INFO] (Minecraft) Saving worlds
[17:16:01] [Server thread/INFO] (Minecraft) Saving chunks for level 'ServerLevel[New World]'/minecraft:overworld
[17:16:02] [Server thread/INFO] (Minecraft) ThreadedAnvilChunkStorage (New World): All chunks are saved
[17:16:02] [Server thread/INFO] (Minecraft) Saving chunks for level 'ServerLevel[New World]'/minecraft:the_nether
[17:16:02] [Server thread/INFO] (Minecraft) ThreadedAnvilChunkStorage (DIM-1): All chunks are saved
[17:16:02] [Server thread/INFO] (Minecraft) Saving chunks for level 'ServerLevel[New World]'/minecraft:the_end
[17:16:02] [Server thread/INFO] (Minecraft) ThreadedAnvilChunkStorage (DIM1): All chunks are saved
[17:16:02] [Server thread/INFO] (Minecraft) ThreadedAnvilChunkStorage (New World): All chunks are saved
[17:16:02] [Server thread/INFO] (Minecraft) ThreadedAnvilChunkStorage (DIM-1): All chunks are saved
[17:16:02] [Server thread/INFO] (Minecraft) ThreadedAnvilChunkStorage (DIM1): All chunks are saved
[17:16:03] [Render thread/INFO] (Minecraft) Stopping!
